2026-02-14 15:52:49 - [INFO] Connected to VRChat OSC at 127.0.0.1:9000
2026-02-14 15:52:49 - [INFO] Using device: privateuseone:0
2026-02-14 15:52:49 - [TEST] This is an event log
2026-02-14 15:53:26 - [INFO] Connected to VRChat OSC at 127.0.0.1:9000
2026-02-14 15:53:26 - [INFO] Using device: privateuseone:0
2026-02-14 15:53:26 - [INFO] Loading enhanced vision model on GPU...
2026-02-14 15:53:30 - [INFO] Enhanced vision model loaded successfully on GPU.
2026-02-14 15:53:30 - [INFO] Loading thinking model on GPU...
2026-02-14 15:53:31 - [INFO] Thinking model loaded successfully on GPU.
2026-02-14 15:55:10 - [INFO] Connected to VRChat OSC at 127.0.0.1:9000
2026-02-14 15:55:10 - [INFO] Using device: privateuseone:0
2026-02-14 15:55:23 - [INFO] Connected to VRChat OSC at 127.0.0.1:9000
2026-02-14 15:55:23 - [INFO] Using device: privateuseone:0
2026-02-14 15:55:47 - [INFO] Connected to VRChat OSC at 127.0.0.1:9000
2026-02-14 15:55:47 - [INFO] Using device: privateuseone:0
2026-02-14 15:55:47 - [INFO] Loading enhanced vision model on GPU...
2026-02-14 15:55:51 - [INFO] Enhanced vision model loaded successfully on GPU.
2026-02-14 15:55:51 - [INFO] Loading thinking model on GPU...
2026-02-14 15:55:52 - [INFO] Thinking model loaded successfully on GPU.
2026-02-14 15:56:18 - [INFO] Connected to VRChat OSC at 127.0.0.1:9000
2026-02-14 15:56:18 - [INFO] Using device: privateuseone:0
2026-02-14 15:56:18 - [INFO] Loading enhanced vision model on GPU...
2026-02-14 15:56:21 - [INFO] Enhanced vision model loaded successfully on GPU.
2026-02-14 15:56:21 - [INFO] Loading thinking model on GPU...
2026-02-14 15:56:23 - [INFO] Thinking model loaded successfully on GPU.
2026-02-14 15:56:23 - [INFO] Starting vision + thinking AI loop...
2026-02-14 15:56:23 - [VISION] Captured VRChat GAME window: (1269, 690, 2563, 1393) (1294x703)
2026-02-14 15:56:29 - [VISION] Captured VRChat GAME window: (1269, 690, 2563, 1393) (1294x703)
2026-02-14 15:56:35 - [VISION] Captured VRChat GAME window: (1269, 690, 2563, 1393) (1294x703)
2026-02-14 15:56:41 - [VISION] Captured VRChat GAME window: (1269, 690, 2563, 1393) (1294x703)
2026-02-14 15:56:47 - [VISION] Captured VRChat GAME window: (1269, 690, 2563, 1393) (1294x703)
2026-02-14 15:56:53 - [VISION] Captured VRChat GAME window: (1269, 690, 2563, 1393) (1294x703)
2026-02-14 15:56:59 - [VISION] Captured VRChat GAME window: (1269, 690, 2563, 1393) (1294x703)
2026-02-14 15:57:06 - [VISION] Captured VRChat GAME window: (1269, 690, 2563, 1393) (1294x703)
2026-02-14 15:57:12 - [VISION] Captured VRChat GAME window: (1269, 690, 2563, 1393) (1294x703)
2026-02-14 15:57:18 - [VISION] Captured VRChat GAME window: (1269, 690, 2563, 1393) (1294x703)
2026-02-14 15:57:24 - [VISION] Captured VRChat GAME window: (1269, 690, 2563, 1393) (1294x703)
2026-02-14 15:57:30 - [VISION] Captured VRChat GAME window: (1269, 690, 2563, 1393) (1294x703)
2026-02-14 15:57:36 - [VISION] Captured VRChat GAME window: (1269, 690, 2563, 1393) (1294x703)
2026-02-14 15:57:42 - [VISION] Captured VRChat GAME window: (1269, 690, 2563, 1393) (1294x703)
2026-02-14 15:57:48 - [VISION] Captured VRChat GAME window: (1269, 690, 2563, 1393) (1294x703)
2026-02-14 15:57:54 - [VISION] Captured VRChat GAME window: (1269, 690, 2563, 1393) (1294x703)
2026-02-14 15:58:00 - [VISION] Captured VRChat GAME window: (1269, 690, 2563, 1393) (1294x703)
2026-02-14 15:58:06 - [VISION] Captured VRChat GAME window: (1269, 690, 2563, 1393) (1294x703)
2026-02-14 15:58:13 - [VISION] Captured VRChat GAME window: (1269, 690, 2563, 1393) (1294x703)
2026-02-14 15:58:19 - [VISION] Captured VRChat GAME window: (1269, 690, 2563, 1393) (1294x703)
2026-02-14 15:58:25 - [VISION] Captured VRChat GAME window: (1269, 690, 2563, 1393) (1294x703)
2026-02-14 15:58:31 - [VISION] Captured VRChat GAME window: (1269, 690, 2563, 1393) (1294x703)
2026-02-14 15:58:37 - [VISION] Captured VRChat GAME window: (1269, 690, 2563, 1393) (1294x703)
2026-02-14 15:58:43 - [VISION] Captured VRChat GAME window: (1269, 690, 2563, 1393) (1294x703)
2026-02-14 15:58:49 - [VISION] Captured VRChat GAME window: (1269, 690, 2563, 1393) (1294x703)
2026-02-14 15:58:55 - [VISION] Captured VRChat GAME window: (1269, 690, 2563, 1393) (1294x703)
[2026-02-14 16:59:50] Vision model (BLIP) loaded successfully.
[2026-02-14 16:59:51] Thinking model (GPT-2) loaded successfully.
[2026-02-14 16:59:53] Chat model (GPT-2) loaded successfully.
[2026-02-14 16:59:53] VRChatAI initialized with Moondream vision and GPT-2 models.
[2026-02-14 16:59:53] VRChat window found: <Win32Window left="5", top="0", width="1929", height="1392", title="main.py - VRChat_local_AI_VLM_PAL - Visual Studio Code">
[2026-02-14 17:12:42] Vision model (BLIP) loaded as fallback.
[2026-02-14 17:12:43] Thinking model (GPT-2) loaded successfully.
[2026-02-14 17:12:44] Chat model (GPT-2) loaded successfully.
[2026-02-14 17:12:44] VRChatAI initialized with BLIP vision and GPT-2 models.
[2026-02-14 17:12:44] VRChat window found: <Win32Window left="5", top="0", width="1929", height="1392", title="test_moondream.py - VRChat_local_AI_VLM_PAL - Visual Studio Code">
