2026-02-14 15:52:49 - Test OSC message
2026-02-14 15:56:23 - Sent /chatbox/input: ['AI Vision + Thinking + Chat System Online - Seeing, thinking, and chatting about VRChat surroundings...', True, False]
2026-02-14 15:56:24 - Sent /chatbox/input: ["I have a VR chat with you. Don't want to see me doing a video chat with you.", True, False]
2026-02-14 15:57:07 - Sent /chatbox/input: ['Good job. We talked it over with you.', True, False]
2026-02-14 15:57:37 - Sent /chatbox/input: ["I made a big deal of it because I thought I'd see you play in this game", True, False]
2026-02-14 15:58:08 - Sent /chatbox/input: ["Hi, how are you looking, I'm trying not to sound snarky, I'm really looking for a chat.", True, False]
2026-02-14 15:58:44 - Sent /chatbox/input: ['I am an AI in VRChat', True, False]
[2026-02-14 17:12:47] Chat sent: In VRChat, seeing: the dark screen with the dark screen in the background
Generate a short, friendly chat message as the AI.
Send a message to the AI in the chat room.
Create a new message, which will be sent to the AI.
Send a message
[2026-02-14 17:12:49] Chat sent: In VRChat, seeing: the dark web interface with a dark background
Generate a short, friendly chat message as the AI.
A quick message is sent to the AI.
The AI responds with a short, friendly message.
The AI responds with a short, friendly
[2026-02-14 17:12:51] Chat sent: In VRChat, seeing: the dark screen with the dark screen in the background
Generate a short, friendly chat message as the AI.
The AI will respond to the message with a short, friendly chat message as the AI. The AI will then respond with a short, friendly chat
[2026-02-14 17:12:54] Chat sent: In VRChat, seeing: the dark screen with the dark screen in the background
Generate a short, friendly chat message as the AI.
Add a new message to the chat.
Create a new message for each of the AI's faces.
Add a new message for each of
[2026-02-14 17:12:56] Chat sent: In VRChat, seeing: the dark screen with the dark screen in the background
Generate a short, friendly chat message as the AI.
Create a message that you can see in the chat room.
You can also tell the AI when it's awake, and when it's asleep
[2026-02-14 17:12:58] Chat sent: In VRChat, seeing: the dark screen with the dark screen in the background
Generate a short, friendly chat message as the AI.
You can also see the chat message on your screen.
You can also chat with the AI.
You can see the chat message on your
[2026-02-14 17:13:01] Chat sent: In VRChat, seeing: the dark screen with the dark screen in the background
Generate a short, friendly chat message as the AI.
Use a button to send a message to the AI.
Send a message to the AI if you are in the middle of a conversation.

[2026-02-14 17:13:03] Chat sent: In VRChat, seeing: the dark screen with the dark screen in the background
Generate a short, friendly chat message as the AI.
You can also use the chat feature to send messages to your friends.
You can also use the chat feature to send messages to your friends.
[2026-02-14 17:13:05] Chat sent: In VRChat, seeing: the dark screen with the dark screen in the background
Generate a short, friendly chat message as the AI.
Create a new chat message.
Send a message to the AI.
Send a message to the AI.
Send a message to the AI
[2026-02-14 17:13:07] Chat sent: In VRChat, seeing: the dark screen with the dark screen in the background
Generate a short, friendly chat message as the AI.
Add a short, friendly chat message as the AI.
Generate a short, friendly chat message as the AI.
Generate a short
[2026-02-14 17:13:09] Chat sent: In VRChat, seeing: the dark screen with the dark screen in the background
Generate a short, friendly chat message as the AI. For example, you can send a message to a friend and see if they reply to the message.
Generate a short, friendly chat message as
[2026-02-14 17:13:12] Chat sent: In VRChat, seeing: the dark screen with the dark screen in the background
Generate a short, friendly chat message as the AI.
Generate a short, friendly chat message as the AI.
Generate a short, friendly chat message as the AI.
Generate a
[2026-02-14 17:13:14] Chat sent: In VRChat, seeing: the dark screen with the dark screen in the background
Generate a short, friendly chat message as the AI.
This is the first time that you can actually interact with the AI. You can even interact with it with your mouse and keyboard.
It's
[2026-02-14 17:13:16] Chat sent: In VRChat, seeing: the dark screen with the dark screen in the background
Generate a short, friendly chat message as the AI.
In VRChat, seeing: the dark screen with the dark screen in the background
Generate a short, friendly chat message as the AI.
[2026-02-14 17:13:21] Chat sent: In VRChat, seeing: a screenshot of a computer screen with multiple screens
Generate a short, friendly chat message as the AI. The AI is able to respond to all of the user's actions and responses, and the user is able to interact with the AI by clicking on the
[2026-02-14 17:13:23] Chat sent: In VRChat, seeing: a screenshot of a video game with a video player (VRChat)
Generate a short, friendly chat message as the AI.
Generate a short, friendly chat message as the AI. Generate a short, friendly chat message as the AI.
Generate a short
[2026-02-14 17:13:25] Chat sent: In VRChat, seeing: a screenshot of a video game with a video player (VRChat)
Generate a short, friendly chat message as the AI.
Generate a short, friendly chat message as the AI.
Generate a short, friendly chat message as the AI.
Generate a
[2026-02-14 17:13:28] Chat sent: In VRChat, seeing: a screenshot of a video game with a video player (VRChat)
Generate a short, friendly chat message as the AI.
In VRChat, a short, friendly chat message as the AI. Generate a short, friendly chat message as the AI.
Generate
[2026-02-14 17:13:30] Chat sent: In VRChat, seeing: a screenshot of a video game with a video player (VRChat)
Generate a short, friendly chat message as the AI. The AI can then use this message to communicate with the player.
Generate a short, friendly chat message as the AI. The AI can then
[2026-02-14 17:13:32] Chat sent: In VRChat, seeing: a screenshot of a video game with a video player (VRChat)
Generate a short, friendly chat message as the AI.
In VRChat, seeing: a screenshot of a video game with a video player (VRChat) Generate a short, friendly chat message as
[2026-02-14 17:13:35] Chat sent: In VRChat, seeing: a screenshot of a video game with a video player (VRChat)
Generate a short, friendly chat message as the AI.
Generate a short, friendly chat message as the AI. Send a message to the AI.
Generate a message to the AI.

[2026-02-14 17:13:37] Chat sent: In VRChat, seeing: a screenshot of a video game with a video player (VRChat)
Generate a short, friendly chat message as the AI.
Generate a short, friendly chat message as the AI. Generate a short, friendly chat message as the AI. Generate a short,
[2026-02-14 17:13:39] Chat sent: In VRChat, seeing: a screenshot of a video game with a video player (VRChat)
Generate a short, friendly chat message as the AI.
Generate a short, friendly chat message as the AI. Create a video message.
Generate a video message.
Generate a video
[2026-02-14 17:13:42] Chat sent: In VRChat, seeing: the dark screen with the dark screen in the background
Generate a short, friendly chat message as the AI.
Generate a short, friendly chat message as the AI. Use the chat button to enter the chat message.
Generate a short, friendly
[2026-02-14 17:13:44] Chat sent: In VRChat, seeing: a screenshot of a computer screen with several screenshots
Generate a short, friendly chat message as the AI.
In VRChat, seeing: a screenshot of a computer screen with several screenshots
Generate a short, friendly chat message as the AI. In
