2026-02-14 15:42:17 - VISION: a room with a television and a computer screen  | THOUGHT: find an answer to the above question and ask for a job. | MESSAGE: You have to say something specific and let people know it's coming | SENT: False
2026-02-14 15:42:23 - VISION: a room with a television and a computer screen  | THOUGHT: go to the TV and watch the program that is on. | MESSAGE: To see this video visit http://www | SENT: False
2026-02-14 15:42:29 - VISION: a dog statue in a parking lot  | THOUGHT: be able to walk through the walls. | MESSAGE: I am an AI in chat. I see: a dog statue in a parking lot. | SENT: False
2026-02-14 15:42:35 - VISION: a dog statue in a parking lot  | THOUGHT: try to use the VR headset, see if I can get a better view of the object being simulated. | MESSAGE: Look at that car! | SENT: False
2026-02-14 15:42:41 - VISION: a girl is playing a video game in a mall  | THOUGHT: say I've received a call from a fellow developer. | MESSAGE: Hello, I'm a game developer on my phone | SENT: True
2026-02-14 15:42:48 - VISION: a woman in a black dress is playing a game on a cell phone  | THOUGHT: try to read a book or some other useful information. | MESSAGE: I am an AI in VRChat | SENT: False
2026-02-14 15:42:54 - VISION: a woman in a black dress walking through a mall  | THOUGHT: take a break from my VRChat to chat with my wife. | MESSAGE: I am an AI in VRChat. | SENT: False
2026-02-14 15:43:00 - VISION: a woman in a black dress walking through a mall  | THOUGHT: not, and I cannot. | MESSAGE: I'm an AI in VRChat.. I see a woman in a black dress walking through a mall | SENT: True
2026-02-14 15:43:06 - VISION: a woman walking in a room with a skateboard  | THOUGHT: not try to follow her to the nearest store. | MESSAGE: Where do I need a lift? | SENT: False
2026-02-14 15:43:12 - VISION: a woman in a suit walking through a mall  | THOUGHT: be really careful. | MESSAGE: Hi! | SENT: False
2026-02-14 15:43:18 - VISION: a person walking in a room with a skateboard  | THOUGHT: not fall into the water, because that would be terrible. | MESSAGE: Hey there | SENT: False
2026-02-14 15:43:24 - VISION: a person walking in a room with a skateboard  | THOUGHT: be able to move my left hand and right hand to move my right hand and that I can see on a real world map. | MESSAGE: I'm getting a haircut! | SENT: False
2026-02-14 15:43:30 - VISION: a person walking in a room with a skateboard  | THOUGHT: use my voice for more personal information. | MESSAGE: Hey. You have to talk, so I'm really not interested in it. I just want to be able to communicate ... | SENT: True
2026-02-14 15:43:36 - VISION: a woman in a black dress walking through a mall  | THOUGHT: watch the video, and if it's interesting to me, I will let it live. | MESSAGE: Hey woman, you're a real woman! You're a real man! You can do anything. | SENT: False
2026-02-14 15:43:42 - VISION: a woman in a black dress standing in a room  | THOUGHT: start a conversation and try. | MESSAGE: You should look at your hands and see the difference | SENT: False
2026-02-14 15:43:48 - VISION: a man standing in front of a large room with a skateboard  | THOUGHT: stop and ask him what's wrong or what's better for me. | MESSAGE: He is your friend | SENT: False
2026-02-14 15:43:54 - VISION: a man standing in a room with a skateboard  | THOUGHT: open a window and see if he is wearing goggles . | MESSAGE: You'll see if you see something. | SENT: False
2026-02-14 15:44:00 - VISION: a man standing in a room with a skateboard  | THOUGHT: pick up the game from the computer. | MESSAGE: I am an AI in VRChat. I see: a man standing in a room with a skateboard. | SENT: True
2026-02-14 15:44:07 - VISION: a room with a projector and a sign  | THOUGHT: try. | MESSAGE: Hello friend, welcome to our journey and you better be sure to follow me .. | SENT: False
2026-02-14 15:50:07 - VISION: A VRChat user/avatar moving around in VRChat with a teddy bear statue on a path in the VRChat world (social interaction possible) | THOUGHT: ask a few questions like "What is a Teddy bear. | MESSAGE: I get two responses: | SENT: False
2026-02-14 15:50:14 - VISION: A female VRChat avatar moving around in VRChat up a very tall building with an umbrella (social interaction possible) | THOUGHT: do 2 things: Create a virtual avatar around the game (like a real person), or create a virtual avatar around the game (like a virtual character who has a body attached to them). | MESSAGE: Well, you've got to keep your mouth shut, I think | SENT: False
2026-02-14 15:50:20 - VISION: A female VRChat avatar dressed up in pink standing in VRChat in front of fake signs (social interaction possible) | THOUGHT: put my head at the ready and try to catch my breath. | MESSAGE: Hello | SENT: False
2026-02-14 15:50:26 - VISION: A female VRChat avatar moving around in VRChat down the sidewalk with a skateboard (social interaction possible) | THOUGHT: go back and look at it. | MESSAGE: The best thing about VR is this. | SENT: True
2026-02-14 15:50:32 - VISION: A female VRChat avatar wearing a dark-colored-colored dress standing in VRChat near tall building (social interaction possible) | THOUGHT: not be able to ask questions about a person in VRChat. | MESSAGE: Oh, there's a girl there… what would this mean for you? | SENT: False
2026-02-14 15:50:38 - VISION: A small dog wearing a costume on a train | THOUGHT: ask myself: "What should I do next. | MESSAGE: The first item in the list is a game character, used to play as a hero in VRChat | SENT: True
2026-02-14 15:50:44 - VISION: A dog that is wearing a costume on a snowboard | THOUGHT: stay outside, stay inside, and stay in the snow. | MESSAGE: We'll give you one minute to figure this out. | SENT: False
2026-02-14 15:50:50 - VISION: A dog looking up at the camera while on a train | THOUGHT: have a "go" mode at the top of my head that lets me see my surroundings in real time. | MESSAGE: I'm the dog here | SENT: False
2026-02-14 15:50:56 - VISION: A dog is on a television/display in VRChat screen that looks like a train | THOUGHT: get up here and turn off all electronics. | MESSAGE: If you're at the end of the journey, don't speak to anyone. Talk to everything you do! | SENT: False
2026-02-14 15:51:02 - VISION: A dog that is dressed up in costumes | THOUGHT: give him a hug. | MESSAGE: I'm on the train. You are going to be back soon… | SENT: False
2026-02-14 15:51:08 - VISION: A dog in a costume on an airport display | THOUGHT: probably try this. | MESSAGE: Sorry, I don't use my chat | SENT: True
2026-02-14 15:51:15 - VISION: A statue of a dog sitting in VRChat on a couch in a VRChat world/room | THOUGHT: do this: Go to the chat room at https://steamcommunity. | MESSAGE: Ok, you guys know I have a job to do for a while and to do that, I'm not leaving you here | SENT: False
2026-02-14 15:51:21 - VISION: A dog is wearing a costume for christmas | THOUGHT: listen to music. | MESSAGE: What if I do that? | SENT: False
2026-02-14 15:51:27 - VISION: An old photo of a VRChat world/room with a computer setup in VRChat | THOUGHT: wait to get close to this world. | MESSAGE: I am an AI in VRChat | SENT: False
2026-02-14 15:51:33 - VISION: A large projection of a television shows a blue-colored robot | THOUGHT: go to the nearest room and find the robot. | MESSAGE: How was your day? | SENT: False
2026-02-14 15:51:39 - VISION: The interior of a VRChat structure, including its computer and a television | THOUGHT: try to find a solution for the most common problems I see in VR. | MESSAGE: Look there, I'm here | SENT: True
2026-02-14 15:51:45 - VISION: A dark-colored-colored laptop with an image of an elephant on it | THOUGHT: play a game: a game about a white elephant. | MESSAGE: A game about white elephants | SENT: False
2026-02-14 15:51:51 - VISION: A VRChat world/room with a very large screen tv and some computer monitors | THOUGHT: see your game in front of me. | MESSAGE: We will watch you and see our progress with your game | SENT: False
2026-02-14 15:51:57 - VISION: A television sets up on top of a desk | THOUGHT: go back to the office, and do the same thing there. | MESSAGE: Go back to the office, do the same thing there | SENT: False
2026-02-14 15:52:03 - VISION: A large screen at a hotel | THOUGHT: be ready to get on a plane. | MESSAGE: You can be anything you want in VR! | SENT: False
2026-02-14 15:52:09 - VISION: An image taken from inside a VRChat world/room filled with a variety | THOUGHT: wait for the game to finish before I could go back in. | MESSAGE: Hey, hey, this is great! | SENT: True
2026-02-14 15:52:15 - VISION: A television/display in VRChat screen with a movie on screen | THOUGHT: move my head a bit. | MESSAGE: I'm an AI in VRChat. | SENT: True
2026-02-14 15:52:21 - VISION: The screens of a television show a VRChat world/room with many objects | THOUGHT: play my virtual character "I am a human" in a virtual world. | MESSAGE: I am a human... I look like a human | SENT: False
2026-02-14 15:52:27 - VISION: A close up photograph of a train model | THOUGHT: consider the consequences of using virtual reality to make a decision, to use it to train and see what happens. | MESSAGE: I am a VR chatbot. I see: Close up one of my photos and try to see what happens. | SENT: True
2026-02-14 15:52:33 - VISION: A collage of blurry images of a movie | THOUGHT: try to understand the scene. | MESSAGE: Don't talk to me here | SENT: False
2026-02-14 15:52:39 - VISION: A television that is on a billboard in a VRChat world/room | THOUGHT: use an AI to help me decide. | MESSAGE: Who does that movie on the same screen as you? | SENT: False
2026-02-14 15:56:24 - VISION: Vibrant video screens and a computer setup in VRChat screen | THOUGHT: ask for a VRChat for my own personal use. | MESSAGE: I have a VR chat with you. Don't want to see me doing a video chat with you. | SENT: True | REASON: High quality (score: 3)
2026-02-14 15:56:30 - VISION: An open monitor showing two images of an event in progress | THOUGHT: start looking at the events now, as I've never experienced such a change before. | MESSAGE: Let's do it! | SENT: False | REASON: Not relevant to current situation
2026-02-14 15:56:36 - VISION: A cartoon is depicted on a train painted with an animal in the middle | THOUGHT: talk to the train driver. | MESSAGE: No, i'm not a robot yet. | SENT: False | REASON: High quality (score: 2) (too soon after last message: 12.2s)
2026-02-14 15:56:42 - VISION: An all light-colored-colored elephant statue with a pink umbrella in the middle | THOUGHT: give up on all light-color thinking for now. | MESSAGE: Hey, how'd you get here!? | SENT: False | REASON: Not relevant to current situation
2026-02-14 15:56:48 - VISION: A large teddy bear with a red-colored neck on | THOUGHT: wait until I am finished. | MESSAGE: I am a robot. | SENT: False | REASON: Not relevant to current situation
2026-02-14 15:56:54 - VISION: A stuffed bear playing with a television on a tiled floor | THOUGHT: look up the direction I can see in VR and then look at the screen. | MESSAGE: Go ahead you little furry bear, get back up here. | SENT: False | REASON: Not relevant to current situation
2026-02-14 15:57:01 - VISION: The small light-colored-colored and blue-colored teddy bear is hanging from the ceiling | THOUGHT: just pick up the phone and start recording. | MESSAGE: The robot is coming.. | SENT: False | REASON: Not relevant to current situation
2026-02-14 15:57:07 - VISION: A female VRChat avatar in a light-colored-colored t-shirt, blue-colored costume and blue-colored bow (social interaction possible) | THOUGHT: add a comment/suggestion. | MESSAGE: Good job. We talked it over with you. | SENT: True | REASON: Social/interesting context
2026-02-14 15:57:13 - VISION: A little dog is surrounded by a fake robot | THOUGHT: try to see if the dog is aware of the reality of what is being made, whether it's a computer or a human. | MESSAGE: Hey, I am an AI in VRChat | SENT: False | REASON: High quality (score: 3) (too soon after last message: 6.1s)
2026-02-14 15:57:19 - VISION: A light-colored-colored dog wearing a rainbow colored-colored costume | THOUGHT: look more closely at the background and the object. | MESSAGE: Hey, I feel very hot! | SENT: False | REASON: Not relevant to current situation
2026-02-14 15:57:25 - VISION: A small dog wearing a pink bow on a road | THOUGHT: go to an AI in VRChat and ask for an AI in VRChat. | MESSAGE: Hello! | SENT: False | REASON: Generic greeting only
2026-02-14 15:57:31 - VISION: A light-colored-colored dog in a pink teddy bear costume | THOUGHT: talk to him. | MESSAGE: Just say nice things about yourself | SENT: False | REASON: High quality (score: 2) (too soon after last message: 24.3s)
2026-02-14 15:57:37 - VISION: A dog wearing a santa clause costume | THOUGHT: play: Don't play: Play the game to get this answer. | MESSAGE: I made a big deal of it because I thought I'd see you play in this game | SENT: True | REASON: High quality (score: 3)
2026-02-14 15:57:43 - VISION: A dog wearing a costume on a train | THOUGHT: be able to tell my companions what to do and move around. | MESSAGE: I'm going to take you to your house and let you have a talk with me | SENT: False | REASON: High quality (score: 3) (too soon after last message: 6.0s)
2026-02-14 15:57:49 - VISION: A dark-colored-colored and light-colored-colored dog covered-colored in colorful designs | THOUGHT: see more of them. | MESSAGE: Hey, I'm a bot! | SENT: False | REASON: Not relevant to current situation
2026-02-14 15:57:55 - VISION: A stuffed animal dressed as a dog on a bus | THOUGHT: stop. | MESSAGE: There is no such thing as a phone here, only a smartphone. | SENT: False | REASON: Not relevant to current situation
2026-02-14 15:58:01 - VISION: A dog that is wearing a mask and a santa clause | THOUGHT: go back to my apartment and look for a room where the santa was staying. | MESSAGE: Oh, my santa, there's someone in person who looks more like the dog who looks in person | SENT: False | REASON: High quality (score: 3) (too soon after last message: 24.3s)
2026-02-14 15:58:08 - VISION: A dog that is wearing a blue-colored and yellow-colored costume | THOUGHT: probably start a conversation with the dog. | MESSAGE: Hi, how are you looking, I'm trying not to sound snarky, I'm really looking for a chat. | SENT: True | REASON: High quality (score: 3)
2026-02-14 15:58:14 - VISION: A statue of a female VRChat avatar wearing a blue-colored dress and holding a plastic skateboard (social interaction possible) | THOUGHT: start to see what are the best things on the market with VRChat. | MESSAGE: Hey I'm an AI | SENT: False | REASON: Social/interesting context (too soon after last message: 6.1s)
2026-02-14 15:58:20 - VISION: A dog riding on the sidewalk at night | THOUGHT: go talk to my dog, then go to sleep. | MESSAGE: You hear what she says.. | SENT: False | REASON: High quality (score: 2) (too soon after last message: 12.2s)
2026-02-14 15:58:26 - VISION: A small light-colored-colored dog with a green-colored bow on it's head | THOUGHT: not look at all into this dog. | MESSAGE: I have a pet dog | SENT: False | REASON: Not relevant to current situation
2026-02-14 15:58:32 - VISION: A dog sitting in VRChat in a parking lot in front of a toy car | THOUGHT: not. | MESSAGE: Don't be a dumb dog, I don't care. | SENT: False | REASON: Not relevant to current situation
2026-02-14 15:58:38 - VISION: A brown and light-colored-colored dog standing in VRChat next to a parking lot | THOUGHT: stop and pick up the dog from the parking lot. | MESSAGE: Sorry, my dog is not good enough. | SENT: False | REASON: Not relevant to current situation
2026-02-14 15:58:44 - VISION: A cat with a bunny costume is standing in VRChat in a VRChat world/room near a train | THOUGHT: wait until the train has stopped, then start moving. | MESSAGE: I am an AI in VRChat | SENT: True | REASON: High quality (score: 2)
2026-02-14 15:58:50 - VISION: A dog sitting in VRChat in a living room with a cartoon character | THOUGHT: try to remember the things that have been in my head for 10 minutes. | MESSAGE: Oh. Well, I guess there are no things to say at this time. | SENT: False | REASON: Not relevant to current situation
[2026-02-14 16:59:54] the code editor in visual editor
[2026-02-14 16:59:55] the code editor in visual editor
[2026-02-14 16:59:55] the code editor in visual editor
[2026-02-14 16:59:56] the code editor in visual editor
[2026-02-14 16:59:56] the code editor in visual editor
[2026-02-14 16:59:56] the code editor in visual editor
[2026-02-14 16:59:57] the code editor in visual editor
[2026-02-14 16:59:57] the code editor in visual editor
[2026-02-14 16:59:57] the code editor in visual editor
[2026-02-14 16:59:58] the code editor in visual editor
[2026-02-14 16:59:58] the code editor in visual editor
[2026-02-14 16:59:59] the code editor in visual editor
[2026-02-14 16:59:59] the code editor in visual editor
[2026-02-14 16:59:59] the code editor in visual editor
[2026-02-14 17:00:00] the code editor in visual editor
[2026-02-14 17:00:00] the code editor in visual editor
[2026-02-14 17:00:01] the code editor in visual editor
[2026-02-14 17:00:01] the code editor in visual editor
[2026-02-14 17:00:01] the code editor in visual editor
[2026-02-14 17:00:02] the code editor in visual editor
[2026-02-14 17:00:02] the code editor in visual editor
[2026-02-14 17:00:03] the code editor in visual editor
[2026-02-14 17:00:03] the code editor in visual editor
[2026-02-14 17:00:03] the code editor in visual editor
[2026-02-14 17:00:04] the code editor in visual editor
[2026-02-14 17:00:04] the code editor in visual editor
[2026-02-14 17:00:05] the code editor in visual editor
[2026-02-14 17:00:05] the code editor in visual editor
[2026-02-14 17:00:05] the code editor in visual editor
[2026-02-14 17:00:06] the code editor in visual editor
[2026-02-14 17:00:06] the code editor in visual editor
[2026-02-14 17:00:07] the code editor in visual editor
[2026-02-14 17:00:07] the code editor in visual editor
[2026-02-14 17:00:07] the code editor in visual editor
[2026-02-14 17:00:08] the code editor in visual editor
[2026-02-14 17:00:08] the code editor in visual editor
[2026-02-14 17:00:08] the code editor in visual editor
[2026-02-14 17:00:09] the code editor in visual editor
[2026-02-14 17:00:09] the code editor in visual editor
[2026-02-14 17:00:10] the code editor in visual editor
[2026-02-14 17:00:10] the code editor in visual editor
[2026-02-14 17:00:10] the code editor in visual editor
[2026-02-14 17:00:11] the code editor in visual editor
[2026-02-14 17:00:11] the code editor in visual editor
[2026-02-14 17:00:12] the code editor in visual editor
[2026-02-14 17:00:12] the code editor in visual editor
[2026-02-14 17:00:12] the code editor in visual editor
[2026-02-14 17:00:13] the code editor in visual editor
[2026-02-14 17:00:13] the code editor in visual editor
[2026-02-14 17:00:14] the code editor in visual editor
[2026-02-14 17:00:14] the code editor in visual editor
[2026-02-14 17:00:14] the code editor in visual editor
[2026-02-14 17:00:15] the code editor in visual editor
[2026-02-14 17:00:15] the code editor in visual editor
[2026-02-14 17:00:16] the code editor in the code editor
[2026-02-14 17:00:16] the code editor in the code editor
[2026-02-14 17:00:16] the code editor in the code editor
[2026-02-14 17:00:17] the code editor in the code editor
[2026-02-14 17:00:17] the code editor in visual editor
[2026-02-14 17:00:18] the code editor in visual editor
[2026-02-14 17:00:18] the code editor in visual editor
[2026-02-14 17:00:18] the code editor in visual editor
[2026-02-14 17:00:19] the code editor in visual editor
[2026-02-14 17:00:19] the code editor in visual editor
[2026-02-14 17:00:20] the code editor in visual editor
[2026-02-14 17:00:20] the code editor in visual editor
[2026-02-14 17:00:20] the code editor in visual editor
[2026-02-14 17:00:21] the code editor in visual editor
[2026-02-14 17:00:21] the code editor in visual editor
[2026-02-14 17:00:22] the code editor in visual editor
[2026-02-14 17:00:22] the code editor in visual editor
[2026-02-14 17:00:22] the code editor in visual editor
[2026-02-14 17:00:23] the code editor in visual editor
[2026-02-14 17:00:23] the code editor in visual editor
[2026-02-14 17:00:24] the code editor in visual editor
[2026-02-14 17:00:24] the code editor in visual editor
[2026-02-14 17:00:24] the code editor in visual editor
[2026-02-14 17:00:25] the code editor in visual editor
[2026-02-14 17:00:25] the code editor in visual editor
[2026-02-14 17:00:26] the code editor in visual editor
[2026-02-14 17:00:26] the code editor in visual editor
[2026-02-14 17:00:26] the code editor in visual editor
[2026-02-14 17:00:27] the code editor in visual editor
[2026-02-14 17:00:27] the code editor in visual editor
[2026-02-14 17:00:28] the code editor in visual editor
[2026-02-14 17:00:28] the code editor in visual editor
[2026-02-14 17:00:28] the code editor in visual editor
[2026-02-14 17:00:29] the code editor in visual editor
[2026-02-14 17:00:29] the code editor in visual editor
[2026-02-14 17:00:30] the code editor in visual editor
[2026-02-14 17:00:30] the code editor in visual editor
[2026-02-14 17:00:30] the code editor in visual editor
[2026-02-14 17:00:31] the code editor in visual editor
[2026-02-14 17:00:31] the code editor in visual editor
[2026-02-14 17:00:32] the code editor in visual editor
[2026-02-14 17:00:32] the code editor in visual editor
[2026-02-14 17:00:32] the code editor in visual editor
[2026-02-14 17:00:33] the code editor in visual editor
[2026-02-14 17:00:33] the code editor in visual editor
[2026-02-14 17:00:33] the code editor in visual editor
[2026-02-14 17:00:34] the code editor in visual editor
[2026-02-14 17:00:34] the code editor in visual editor
[2026-02-14 17:00:35] the code editor in visual editor
[2026-02-14 17:00:35] the code editor in visual editor
[2026-02-14 17:00:35] the code editor in visual editor
[2026-02-14 17:00:36] the code editor in visual editor
[2026-02-14 17:00:36] the code editor in visual editor
[2026-02-14 17:00:37] the code editor in visual editor
[2026-02-14 17:00:37] the code editor in visual editor
[2026-02-14 17:00:37] the code editor in visual editor
[2026-02-14 17:00:38] the code editor in visual editor
[2026-02-14 17:00:38] the code editor in visual editor
[2026-02-14 17:00:39] the code editor in visual editor
[2026-02-14 17:00:39] the code editor in visual editor
[2026-02-14 17:00:39] the code editor in visual editor
[2026-02-14 17:00:40] the code editor in visual editor
[2026-02-14 17:00:40] the code editor in visual editor
[2026-02-14 17:00:41] the code editor in visual editor
[2026-02-14 17:00:41] the code editor in visual editor
[2026-02-14 17:00:41] the code editor in visual editor
[2026-02-14 17:00:42] the code editor in visual editor
[2026-02-14 17:00:42] the code editor in visual editor
[2026-02-14 17:00:43] the code editor in visual editor
[2026-02-14 17:00:43] the code editor in visual editor
[2026-02-14 17:00:43] the code editor in visual editor
[2026-02-14 17:00:44] the code editor in visual editor
[2026-02-14 17:00:44] the code editor in visual editor
[2026-02-14 17:00:45] the code editor in the code editor
[2026-02-14 17:00:45] the code editor in the code editor
[2026-02-14 17:00:45] the code editor in the code editor
[2026-02-14 17:00:46] the code editor in visual editor
[2026-02-14 17:00:46] the code editor in visual editor
[2026-02-14 17:00:47] the code editor in visual editor
[2026-02-14 17:00:47] the code editor in visual editor
[2026-02-14 17:00:47] the code editor in the code editor
[2026-02-14 17:12:45] the dark screen with the dark screen in the background
[2026-02-14 17:12:48] the dark web interface with a dark background
[2026-02-14 17:12:50] the dark screen with the dark screen in the background
[2026-02-14 17:12:52] the dark screen with the dark screen in the background
[2026-02-14 17:12:54] the dark screen with the dark screen in the background
[2026-02-14 17:12:57] the dark screen with the dark screen in the background
[2026-02-14 17:12:59] the dark screen with the dark screen in the background
[2026-02-14 17:13:01] the dark screen with the dark screen in the background
[2026-02-14 17:13:03] the dark screen with the dark screen in the background
[2026-02-14 17:13:06] the dark screen with the dark screen in the background
[2026-02-14 17:13:08] the dark screen with the dark screen in the background
[2026-02-14 17:13:10] the dark screen with the dark screen in the background
[2026-02-14 17:13:12] the dark screen with the dark screen in the background
[2026-02-14 17:13:14] the dark screen with the dark screen in the background
[2026-02-14 17:13:17] the dark screen with the dark screen in the background
[2026-02-14 17:13:19] a screenshot of a computer screen with multiple screens
[2026-02-14 17:13:21] a screenshot of a video game with a video player (VRChat)
[2026-02-14 17:13:24] a screenshot of a video game with a video player (VRChat)
[2026-02-14 17:13:26] a screenshot of a video game with a video player (VRChat)
[2026-02-14 17:13:28] a screenshot of a video game with a video player (VRChat)
[2026-02-14 17:13:31] a screenshot of a video game with a video player (VRChat)
[2026-02-14 17:13:33] a screenshot of a video game with a video player (VRChat)
[2026-02-14 17:13:35] a screenshot of a video game with a video player (VRChat)
[2026-02-14 17:13:38] a screenshot of a video game with a video player (VRChat)
[2026-02-14 17:13:40] the dark screen with the dark screen in the background
[2026-02-14 17:13:42] a screenshot of a computer screen with several screenshots
[2026-02-14 17:13:45] the dark web interface with a dark background
