2026-02-14 15:52:49 - THOUGHT: A test thought
2026-02-14 15:56:24 - THOUGHT: ask for a VRChat for my own personal use.
2026-02-14 15:56:30 - THOUGHT: start looking at the events now, as I've never experienced such a change before.
2026-02-14 15:56:36 - THOUGHT: talk to the train driver.
2026-02-14 15:56:42 - THOUGHT: give up on all light-color thinking for now.
2026-02-14 15:56:48 - THOUGHT: wait until I am finished.
2026-02-14 15:56:54 - THOUGHT: look up the direction I can see in VR and then look at the screen.
2026-02-14 15:57:00 - THOUGHT: just pick up the phone and start recording.
2026-02-14 15:57:06 - THOUGHT: add a comment/suggestion.
2026-02-14 15:57:12 - THOUGHT: try to see if the dog is aware of the reality of what is being made, whether it's a computer or a human.
2026-02-14 15:57:19 - THOUGHT: look more closely at the background and the object.
2026-02-14 15:57:25 - THOUGHT: go to an AI in VRChat and ask for an AI in VRChat.
2026-02-14 15:57:31 - THOUGHT: talk to him.
2026-02-14 15:57:37 - THOUGHT: play: Don't play: Play the game to get this answer.
2026-02-14 15:57:43 - THOUGHT: be able to tell my companions what to do and move around.
2026-02-14 15:57:49 - THOUGHT: see more of them.
2026-02-14 15:57:55 - THOUGHT: stop.
2026-02-14 15:58:01 - THOUGHT: go back to my apartment and look for a room where the santa was staying.
2026-02-14 15:58:07 - THOUGHT: probably start a conversation with the dog.
2026-02-14 15:58:13 - THOUGHT: start to see what are the best things on the market with VRChat.
2026-02-14 15:58:19 - THOUGHT: go talk to my dog, then go to sleep.
2026-02-14 15:58:25 - THOUGHT: not look at all into this dog.
2026-02-14 15:58:32 - THOUGHT: not.
2026-02-14 15:58:38 - THOUGHT: stop and pick up the dog from the parking lot.
2026-02-14 15:58:44 - THOUGHT: wait until the train has stopped, then start moving.
2026-02-14 15:58:50 - THOUGHT: try to remember the things that have been in my head for 10 minutes.
[2026-02-14 17:12:46] Based on this VRChat scene: the dark screen with the dark screen in the background
What should the AI do next? Think step-by-step and decide on an action.
The AI should be able to perform many actions at once.
The AI should be able to perform many actions at once.
The AI should be able to perform many actions at once.
The AI should be able to perform many actions at
[2026-02-14 17:12:49] Based on this VRChat scene: the dark web interface with a dark background
What should the AI do next? Think step-by-step and decide on an action.
What should the AI do next? Think step-by-step and decide on an action. What should the AI do next? Think step-by-step and decide on an action. What should the AI do next? Think step-by
[2026-02-14 17:12:51] Based on this VRChat scene: the dark screen with the dark screen in the background
What should the AI do next? Think step-by-step and decide on an action.
The AI should be able to make a decision based on what's in front of it.
The AI should be able to make a decision based on what's in front of it.
The AI should be able to make a decision based on
[2026-02-14 17:12:53] Based on this VRChat scene: the dark screen with the dark screen in the background
What should the AI do next? Think step-by-step and decide on an action.
How should the AI play?
The AI should be able to play the scene, but it should not be able to play the game at all. The AI should not be able to play the game at all. The AI should not be able
[2026-02-14 17:12:55] Based on this VRChat scene: the dark screen with the dark screen in the background
What should the AI do next? Think step-by-step and decide on an action.
The AI will try to find a way to escape the dark screen.
If the AI finds a way to escape the dark screen, it will try to escape the dark screen.
If the AI finds a way to escape the dark screen,
[2026-02-14 17:12:58] Based on this VRChat scene: the dark screen with the dark screen in the background
What should the AI do next? Think step-by-step and decide on an action. If you want to make sure the AI is ready to do something, you can do it by doing a few things. First of all, you need to know how the AI is going to react to your actions. Second, you need to know how
[2026-02-14 17:13:00] Based on this VRChat scene: the dark screen with the dark screen in the background
What should the AI do next? Think step-by-step and decide on an action. The AI will always be there to help you.
The AI will always be there to help you. If the AI is busy, it will be waiting for you.
If the AI is busy, it will be waiting for you. If the
[2026-02-14 17:13:02] Based on this VRChat scene: the dark screen with the dark screen in the background
What should the AI do next? Think step-by-step and decide on an action.
The AI will try to follow you as you walk and follow you as you walk.
The AI will try to follow you as you walk.
The AI will try to follow you as you walk.
The AI will try to follow you
[2026-02-14 17:13:04] Based on this VRChat scene: the dark screen with the dark screen in the background
What should the AI do next? Think step-by-step and decide on an action.
If the AI decides to take the action, it will try to find a way to stop the AI.
If the AI decides to take the action, it will try to find a way to stop the AI.
If the AI decides to
[2026-02-14 17:13:07] Based on this VRChat scene: the dark screen with the dark screen in the background
What should the AI do next? Think step-by-step and decide on an action. The AI will do whatever it wants to, but the player will have to do something to stop it.
The AI will try to stop the AI from doing what it wants to do, but the player will have to do something to stop it.
[2026-02-14 17:13:09] Based on this VRChat scene: the dark screen with the dark screen in the background
What should the AI do next? Think step-by-step and decide on an action.
Here are some of the ideas I've come up with for the next step-by-step action:
1. Get to the end of the scene.
This is where the AI will start to make its move. If you're playing
[2026-02-14 17:13:11] Based on this VRChat scene: the dark screen with the dark screen in the background
What should the AI do next? Think step-by-step and decide on an action.
How should the AI do next? Think step-by-step and decide on an action.
What should the AI do next? Think step-by-step and decide on an action.
What should the AI do next? Think step
[2026-02-14 17:13:13] Based on this VRChat scene: the dark screen with the dark screen in the background
What should the AI do next? Think step-by-step and decide on an action. For example, if the AI decides to do something, it will do it with a bit of caution.
The AI will be able to perform the action with a bit of caution. The AI will also be able to perform the action with a bit
[2026-02-14 17:13:15] Based on this VRChat scene: the dark screen with the dark screen in the background
What should the AI do next? Think step-by-step and decide on an action. The AI will try to find a way to move the screen, but it won't be able to do that.
The AI will try to find a way to move the screen, but it won't be able to do that. The AI will
[2026-02-14 17:13:18] Based on this VRChat scene: the dark screen with the dark screen in the background
What should the AI do next? Think step-by-step and decide on an action.
The AI should have a certain amount of control over the situation.
The AI should be able to make decisions.
The AI should be able to make decisions.
The AI should be able to make decisions.
The AI should be able
[2026-02-14 17:13:20] Based on this VRChat scene: a screenshot of a computer screen with multiple screens
What should the AI do next? Think step-by-step and decide on an action. Do you want to make the AI do something? Do you want to make the AI do something?
What should the AI do next? Think step-by-step and decide on an action. Do you want to make the AI do something?
[2026-02-14 17:13:22] Based on this VRChat scene: a screenshot of a video game with a video player (VRChat)
What should the AI do next? Think step-by-step and decide on an action.
If the AI decides to do something, it will do it.
If the AI decides to do something, it will do it.
If the AI decides to do something, it will do it.
If the AI decides to do something
[2026-02-14 17:13:25] Based on this VRChat scene: a screenshot of a video game with a video player (VRChat)
What should the AI do next? Think step-by-step and decide on an action. The AI will use the same strategy as in previous games, but this time it will use the "right" direction. In the example above, the AI is using the right direction, but the player is using the wrong direction. The player is in
[2026-02-14 17:13:27] Based on this VRChat scene: a screenshot of a video game with a video player (VRChat)
What should the AI do next? Think step-by-step and decide on an action.
The AI will try to find a way to get the player to move the camera, but if the player doesn't move the camera, it will stop the game.
If the AI is able to find a way to get the player to move
[2026-02-14 17:13:29] Based on this VRChat scene: a screenshot of a video game with a video player (VRChat)
What should the AI do next? Think step-by-step and decide on an action. The AI is going to do a lot of things in the game. It's going to do some things in the game. It's going to do some things in the game. It's going to do some things in the game. It's going
[2026-02-14 17:13:32] Based on this VRChat scene: a screenshot of a video game with a video player (VRChat)
What should the AI do next? Think step-by-step and decide on an action.
The AI will act as a guide, guiding you through the game.
The AI will try to make you think.
The AI will try to make you feel.
The AI will try to make you think.
The AI will try
[2026-02-14 17:13:34] Based on this VRChat scene: a screenshot of a video game with a video player (VRChat)
What should the AI do next? Think step-by-step and decide on an action.
What should the AI do next? Think step-by-step and decide on an action.
What should the AI do next? Think step-by-step and decide on an action.
What should the AI do next? Think step
[2026-02-14 17:13:36] Based on this VRChat scene: a screenshot of a video game with a video player (VRChat)
What should the AI do next? Think step-by-step and decide on an action.
If the AI is not able to do this, it will not be able to perform the action.
If the AI is not able to do this, it will not be able to perform the action.
What should the AI do next?
[2026-02-14 17:13:39] Based on this VRChat scene: a screenshot of a video game with a video player (VRChat)
What should the AI do next? Think step-by-step and decide on an action.
How do you know if the AI is doing something right? It's important to know how the AI is doing it.
How do you know if the AI is doing something right? It's important to know how the AI is doing it.
[2026-02-14 17:13:41] Based on this VRChat scene: the dark screen with the dark screen in the background
What should the AI do next? Think step-by-step and decide on an action. The AI should be able to react quickly to any situation, and it should be able to react to situations that are very difficult or impossible. The AI should be able to react quickly to any situation, and it should be able to react to situations that
[2026-02-14 17:13:44] Based on this VRChat scene: a screenshot of a computer screen with several screenshots
What should the AI do next? Think step-by-step and decide on an action.
Let's say you're playing a game where you're trying to build a spaceship. You're trying to build a spaceship that can travel through space and land on a planet. The AI will try to find the right way to do this, but
